<?xml version="1.0" encoding="UTF-8"?>
<testsuite xmlns:xsi="http://www.w3.org/2001/XMLSchema-instance" xsi:noNamespaceSchemaLocation="https://maven.apache.org/surefire/maven-surefire-plugin/xsd/surefire-test-report.xsd" name="com.kang.webRnote.TestUser" time="0.039" tests="2" errors="0" skipped="0" failures="0">
  <properties>
    <property name="sun.desktop" value="windows"/>
    <property name="awt.toolkit" value="sun.awt.windows.WToolkit"/>
    <property name="file.encoding.pkg" value="sun.io"/>
    <property name="java.specification.version" value="1.8"/>
    <property name="sun.cpu.isalist" value="amd64"/>
    <property name="sun.jnu.encoding" value="GBK"/>
    <property name="java.class.path" value="C:\Learning\IDEA\IDEA Projects\web-R-note\target\test-classes;C:\Learning\IDEA\IDEA Projects\web-R-note\target\classes;C:\repository\junit\junit\4.11\junit-4.11.jar;C:\repository\org\hamcrest\hamcrest-core\1.3\hamcrest-core-1.3.jar;C:\repository\javax\servlet\javax.servlet-api\4.0.1\javax.servlet-api-4.0.1.jar;C:\repository\org\slf4j\slf4j-log4j12\1.7.2\slf4j-log4j12-1.7.2.jar;C:\repository\log4j\log4j\1.2.17\log4j-1.2.17.jar;C:\repository\org\slf4j\slf4j-api\1.7.2\slf4j-api-1.7.2.jar;C:\repository\mysql\mysql-connector-java\8.0.19\mysql-connector-java-8.0.19.jar;C:\repository\com\google\protobuf\protobuf-java\3.6.1\protobuf-java-3.6.1.jar;C:\repository\com\alibaba\fastjson\1.2.62\fastjson-1.2.62.jar;C:\repository\cn\hutool\hutool-all\5.4.7\hutool-all-5.4.7.jar;C:\repository\commons-io\commons-io\2.4\commons-io-2.4.jar;C:\repository\commons-codec\commons-codec\1.9\commons-codec-1.9.jar;C:\repository\commons-fileupload\commons-fileupload\1.3.1\commons-fileupload-1.3.1.jar;C:\repository\javax\servlet\jstl\1.2\jstl-1.2.jar;C:\repository\org\projectlombok\lombok\1.18.12\lombok-1.18.12.jar;"/>
    <property name="java.vm.vendor" value="Oracle Corporation"/>
    <property name="sun.arch.data.model" value="64"/>
    <property name="user.variant" value=""/>
    <property name="java.vendor.url" value="http://java.oracle.com/"/>
    <property name="user.timezone" value="Asia/Shanghai"/>
    <property name="java.vm.specification.version" value="1.8"/>
    <property name="os.name" value="Windows 10"/>
    <property name="user.country" value="CN"/>
    <property name="sun.java.launcher" value="SUN_STANDARD"/>
    <property name="sun.boot.library.path" value="C:\Learning\jdk-8u311-windows-x64\jdk-8u311\jre\bin"/>
    <property name="sun.java.command" value="C:\Users\KING-K~1\AppData\Local\Temp\surefire6502886799111956455\surefirebooter1702872453478307806.jar C:\Users\king-kong\AppData\Local\Temp\surefire6502886799111956455 2022-07-12T00-17-40_578-jvmRun1 surefire8891545185656179272tmp surefire_08420793211294474731tmp"/>
    <property name="surefire.test.class.path" value="C:\Learning\IDEA\IDEA Projects\web-R-note\target\test-classes;C:\Learning\IDEA\IDEA Projects\web-R-note\target\classes;C:\repository\junit\junit\4.11\junit-4.11.jar;C:\repository\org\hamcrest\hamcrest-core\1.3\hamcrest-core-1.3.jar;C:\repository\javax\servlet\javax.servlet-api\4.0.1\javax.servlet-api-4.0.1.jar;C:\repository\org\slf4j\slf4j-log4j12\1.7.2\slf4j-log4j12-1.7.2.jar;C:\repository\log4j\log4j\1.2.17\log4j-1.2.17.jar;C:\repository\org\slf4j\slf4j-api\1.7.2\slf4j-api-1.7.2.jar;C:\repository\mysql\mysql-connector-java\8.0.19\mysql-connector-java-8.0.19.jar;C:\repository\com\google\protobuf\protobuf-java\3.6.1\protobuf-java-3.6.1.jar;C:\repository\com\alibaba\fastjson\1.2.62\fastjson-1.2.62.jar;C:\repository\cn\hutool\hutool-all\5.4.7\hutool-all-5.4.7.jar;C:\repository\commons-io\commons-io\2.4\commons-io-2.4.jar;C:\repository\commons-codec\commons-codec\1.9\commons-codec-1.9.jar;C:\repository\commons-fileupload\commons-fileupload\1.3.1\commons-fileupload-1.3.1.jar;C:\repository\javax\servlet\jstl\1.2\jstl-1.2.jar;C:\repository\org\projectlombok\lombok\1.18.12\lombok-1.18.12.jar;"/>
    <property name="sun.cpu.endian" value="little"/>
    <property name="user.home" value="C:\Users\king-kong"/>
    <property name="user.language" value="zh"/>
    <property name="java.specification.vendor" value="Oracle Corporation"/>
    <property name="java.home" value="C:\Learning\jdk-8u311-windows-x64\jdk-8u311\jre"/>
    <property name="basedir" value="C:\Learning\IDEA\IDEA Projects\web-R-note"/>
    <property name="file.separator" value="\"/>
    <property name="line.separator" value="&#10;"/>
    <property name="java.vm.specification.vendor" value="Oracle Corporation"/>
    <property name="java.specification.name" value="Java Platform API Specification"/>
    <property name="java.awt.graphicsenv" value="sun.awt.Win32GraphicsEnvironment"/>
    <property name="surefire.real.class.path" value="C:\Users\KING-K~1\AppData\Local\Temp\surefire6502886799111956455\surefirebooter1702872453478307806.jar"/>
    <property name="sun.boot.class.path" value="C:\Learning\jdk-8u311-windows-x64\jdk-8u311\jre\lib\resources.jar;C:\Learning\jdk-8u311-windows-x64\jdk-8u311\jre\lib\rt.jar;C:\Learning\jdk-8u311-windows-x64\jdk-8u311\jre\lib\sunrsasign.jar;C:\Learning\jdk-8u311-windows-x64\jdk-8u311\jre\lib\jsse.jar;C:\Learning\jdk-8u311-windows-x64\jdk-8u311\jre\lib\jce.jar;C:\Learning\jdk-8u311-windows-x64\jdk-8u311\jre\lib\charsets.jar;C:\Learning\jdk-8u311-windows-x64\jdk-8u311\jre\lib\jfr.jar;C:\Learning\jdk-8u311-windows-x64\jdk-8u311\jre\classes"/>
    <property name="user.script" value=""/>
    <property name="sun.management.compiler" value="HotSpot 64-Bit Tiered Compilers"/>
    <property name="java.runtime.version" value="1.8.0_311-b11"/>
    <property name="user.name" value="king-kong"/>
    <property name="path.separator" value=";"/>
    <property name="os.version" value="10.0"/>
    <property name="java.endorsed.dirs" value="C:\Learning\jdk-8u311-windows-x64\jdk-8u311\jre\lib\endorsed"/>
    <property name="java.runtime.name" value="Java(TM) SE Runtime Environment"/>
    <property name="file.encoding" value="GBK"/>
    <property name="java.vm.name" value="Java HotSpot(TM) 64-Bit Server VM"/>
    <property name="localRepository" value="C:\repository"/>
    <property name="java.vendor.url.bug" value="http://bugreport.sun.com/bugreport/"/>
    <property name="java.io.tmpdir" value="C:\Users\KING-K~1\AppData\Local\Temp\"/>
    <property name="java.version" value="1.8.0_311"/>
    <property name="user.dir" value="C:\Learning\IDEA\IDEA Projects\web-R-note"/>
    <property name="os.arch" value="amd64"/>
    <property name="java.vm.specification.name" value="Java Virtual Machine Specification"/>
    <property name="java.awt.printerjob" value="sun.awt.windows.WPrinterJob"/>
    <property name="sun.os.patch.level" value=""/>
    <property name="idea.version2019.3.5" value="true"/>
    <property name="java.library.path" value="C:\Learning\jdk-8u311-windows-x64\jdk-8u311\jre\bin;C:\WINDOWS\Sun\Java\bin;C:\WINDOWS\system32;C:\WINDOWS;C:\Program Files\PlasticSCM5\server;C:\Program Files\PlasticSCM5\client;C:\Program Files (x86)\Common Files\Oracle\Java\javapath;C:\WINDOWS\system32;C:\WINDOWS;C:\WINDOWS\System32\Wbem;C:\WINDOWS\System32\WindowsPowerShell\v1.0\;C:\WINDOWS\System32\OpenSSH\;C:\Program Files\Intel\WiFi\bin\;C:\Program Files\Common Files\Intel\WirelessCommon\;C:\Software\YyNote;C:\Software\typora\Typora;C:\Software\QQ\Bin;C:\Software\PowerToy;C:\Software\WeChat;C:\Program Files\Google\Chrome\Application;C:\Program Files (x86)\Microsoft\Edge\Application;C:\Learning\VSCode\Microsoft VS Code;C:\Learning\Git\Git;C:\Learning\Git\Git\bin;C:\Software\QQ\Bin;C:\Program Files\dotnet\;C:\Program Files (x86)\Microsoft Visual Studio\2019\Community\Common7\IDE;C:\Program Files\nodejs\;C:\Users\king-kong\AppData\Local\Android\Sdk\platform-tools;C:\Learning\jdk-8u311-windows-x64\jdk-8u311\bin;C:\Program Files (x86)\Tencent\WeMeet;C:\Software\网易云\CloudMusic;C:\Learning\Maven\apache-maven-3.6.3-bin\apache-maven-3.6.3\bin;C:\Learning\Tomcat\bin;C:\Program Files\MySQL\MySQL Server 8.0\bin;C:\Learning\Navicat\Navicat Premium 16;C:\Software\KuWo\kuwo\kuwomusic\9.1.1.6_W4\bin;C:\Learning\IDEA\IntelliJ IDEA 2019.3.5\bin;C:\Program Files\MySQL\MySQL Shell 8.0\bin\;C:\Users\king-kong\AppData\Local\Microsoft\WindowsApps;C:\Users\king-kong\.dotnet\tools;C:\Users\king-kong\AppData\Local\Programs\Microsoft VS Code\bin;C:\Users\king-kong\AppData\Roaming\npm;C:\Learning\IDEA\IntelliJ IDEA Community Edition 2021.3.1\bin;;C:\Learning\IDEA\IntelliJ IDEA 2022.1.1\bin;;."/>
    <property name="java.vm.info" value="mixed mode"/>
    <property name="java.vendor" value="Oracle Corporation"/>
    <property name="java.vm.version" value="25.311-b11"/>
    <property name="java.ext.dirs" value="C:\Learning\jdk-8u311-windows-x64\jdk-8u311\jre\lib\ext;C:\WINDOWS\Sun\Java\lib\ext"/>
    <property name="sun.io.unicode.encoding" value="UnicodeLittle"/>
    <property name="maven.repo.local" value="C:\repository"/>
    <property name="java.class.version" value="52.0"/>
  </properties>
  <testcase name="tsetAdd" classname="com.kang.webRnote.TestUser" time="0.021"/>
  <testcase name="testQueryUserByName" classname="com.kang.webRnote.TestUser" time="0.017"/>
</testsuite>